<?xml version="1.0" encoding="UTF-8"?>
<!-- Generated by org.testng.reporters.JUnitReportReporter -->
<testsuite skipped="0" hostname="Madhurs-MacBook-Air.local" name="com.appium.tests.ProductTest" tests="2" failures="0" timestamp="10 Jul 2020 07:09:32 GMT" time="67.244" errors="0">
  <testcase name="validateProduct" time="33.435" classname="com.appium.tests.ProductTest"/>
  <testcase name="validateProductDetails" time="33.809" classname="com.appium.tests.ProductTest"/>
</testsuite> <!-- com.appium.tests.ProductTest -->
